# JRE version: OpenJDK Runtime Environment (8.0_242-b01) (build 1.8.0_242-release-1644-b01)
# Java VM: OpenJDK 64-Bit Server VM (25.242-b01 mixed mode windows-amd64 compressed oops)
Heap:
 PSYoungGen      total 300544K, used 40274K [0x00000000d5580000, 0x00000000e9500000, 0x0000000100000000)
  eden space 278016K, 8% used [0x00000000d5580000,0x00000000d6b66200,0x00000000e6500000)
  from space 22528K, 79% used [0x00000000e7e80000,0x00000000e8fee8a0,0x00000000e9480000)
  to   space 24576K, 0% used [0x00000000e6500000,0x00000000e6500000,0x00000000e7d00000)
 ParOldGen       total 89088K, used 55369K [0x0000000080000000, 0x0000000085700000, 0x00000000d5580000)
  object space 89088K, 62% used [0x0000000080000000,0x0000000083612640,0x0000000085700000)
 Metaspace       used 69886K, capacity 72581K, committed 72744K, reserved 1112064K
  class space    used 9377K, capacity 9980K, committed 10024K, reserved 1048576K
GC Heap History (10 events):
Event: 12.752 GC heap before
{Heap before GC invocations=13 (full 2):
 PSYoungGen      total 194048K, used 181760K [0x00000000d5580000, 0x00000000e2400000, 0x0000000100000000)
  eden space 181760K, 100% used [0x00000000d5580000,0x00000000e0700000,0x00000000e0700000)
  from space 12288K, 0% used [0x00000000e1400000,0x00000000e1400000,0x00000000e2000000)
  to   space 13312K, 0% used [0x00000000e0700000,0x00000000e0700000,0x00000000e1400000)
 ParOldGen       total 52224K, used 15869K [0x0000000080000000, 0x0000000083300000, 0x00000000d5580000)
  object space 52224K, 30% used [0x0000000080000000,0x0000000080f7f7b8,0x0000000083300000)
 Metaspace       used 49180K, capacity 50685K, committed 50856K, reserved 1093632K
  class space    used 6576K, capacity 6978K, committed 7080K, reserved 1048576K
Event: 12.817 GC heap after
Heap after GC invocations=13 (full 2):
 PSYoungGen      total 195072K, used 13280K [0x00000000d5580000, 0x00000000e5e80000, 0x0000000100000000)
  eden space 181760K, 0% used [0x00000000d5580000,0x00000000d5580000,0x00000000e0700000)
  from space 13312K, 99% used [0x00000000e0700000,0x00000000e13f8368,0x00000000e1400000)
  to   space 18432K, 0% used [0x00000000e4c80000,0x00000000e4c80000,0x00000000e5e80000)
 ParOldGen       total 52224K, used 24710K [0x0000000080000000, 0x0000000083300000, 0x00000000d5580000)
  object space 52224K, 47% used [0x0000000080000000,0x0000000081821a30,0x0000000083300000)
 Metaspace       used 49180K, capacity 50685K, committed 50856K, reserved 1093632K
  class space    used 6576K, capacity 6978K, committed 7080K, reserved 1048576K
}
Event: 15.498 GC heap before
{Heap before GC invocations=14 (full 2):
 PSYoungGen      total 195072K, used 109329K [0x00000000d5580000, 0x00000000e5e80000, 0x0000000100000000)
  eden space 181760K, 52% used [0x00000000d5580000,0x00000000db34c150,0x00000000e0700000)
  from space 13312K, 99% used [0x00000000e0700000,0x00000000e13f8368,0x00000000e1400000)
  to   space 18432K, 0% used [0x00000000e4c80000,0x00000000e4c80000,0x00000000e5e80000)
 ParOldGen       total 52224K, used 24710K [0x0000000080000000, 0x0000000083300000, 0x00000000d5580000)
  object space 52224K, 47% used [0x0000000080000000,0x0000000081821a30,0x0000000083300000)
 Metaspace       used 57134K, capacity 59041K, committed 59160K, reserved 1099776K
  class space    used 7834K, capacity 8286K, committed 8360K, reserved 1048576K
Event: 15.543 GC heap after
Heap after GC invocations=14 (full 2):
 PSYoungGen      total 247808K, used 10481K [0x00000000d5580000, 0x00000000e5c00000, 0x0000000100000000)
  eden space 231936K, 0% used [0x00000000d5580000,0x00000000d5580000,0x00000000e3800000)
  from space 15872K, 66% used [0x00000000e4c80000,0x00000000e56bc5f8,0x00000000e5c00000)
  to   space 18432K, 0% used [0x00000000e3800000,0x00000000e3800000,0x00000000e4a00000)
 ParOldGen       total 52224K, used 36955K [0x0000000080000000, 0x0000000083300000, 0x00000000d5580000)
  object space 52224K, 70% used [0x0000000080000000,0x0000000082416d10,0x0000000083300000)
 Metaspace       used 57134K, capacity 59041K, committed 59160K, reserved 1099776K
  class space    used 7834K, capacity 8286K, committed 8360K, reserved 1048576K
}
Event: 15.543 GC heap before
{Heap before GC invocations=15 (full 3):
 PSYoungGen      total 247808K, used 10481K [0x00000000d5580000, 0x00000000e5c00000, 0x0000000100000000)
  eden space 231936K, 0% used [0x00000000d5580000,0x00000000d5580000,0x00000000e3800000)
  from space 15872K, 66% used [0x00000000e4c80000,0x00000000e56bc5f8,0x00000000e5c00000)
  to   space 18432K, 0% used [0x00000000e3800000,0x00000000e3800000,0x00000000e4a00000)
 ParOldGen       total 52224K, used 36955K [0x0000000080000000, 0x0000000083300000, 0x00000000d5580000)
  object space 52224K, 70% used [0x0000000080000000,0x0000000082416d10,0x0000000083300000)
 Metaspace       used 57134K, capacity 59041K, committed 59160K, reserved 1099776K
  class space    used 7834K, capacity 8286K, committed 8360K, reserved 1048576K
Event: 15.843 GC heap after
Heap after GC invocations=15 (full 3):
 PSYoungGen      total 247808K, used 0K [0x00000000d5580000, 0x00000000e5c00000, 0x0000000100000000)
  eden space 231936K, 0% used [0x00000000d5580000,0x00000000d5580000,0x00000000e3800000)
  from space 15872K, 0% used [0x00000000e4c80000,0x00000000e4c80000,0x00000000e5c00000)
  to   space 18432K, 0% used [0x00000000e3800000,0x00000000e3800000,0x00000000e4a00000)
 ParOldGen       total 89088K, used 35104K [0x0000000080000000, 0x0000000085700000, 0x00000000d5580000)
  object space 89088K, 39% used [0x0000000080000000,0x0000000082248250,0x0000000085700000)
 Metaspace       used 57121K, capacity 58993K, committed 59160K, reserved 1099776K
  class space    used 7829K, capacity 8278K, committed 8360K, reserved 1048576K
}
Event: 26.660 GC heap before
{Heap before GC invocations=16 (full 3):
 PSYoungGen      total 247808K, used 231936K [0x00000000d5580000, 0x00000000e5c00000, 0x0000000100000000)
  eden space 231936K, 100% used [0x00000000d5580000,0x00000000e3800000,0x00000000e3800000)
  from space 15872K, 0% used [0x00000000e4c80000,0x00000000e4c80000,0x00000000e5c00000)
  to   space 18432K, 0% used [0x00000000e3800000,0x00000000e3800000,0x00000000e4a00000)
 ParOldGen       total 89088K, used 35104K [0x0000000080000000, 0x0000000085700000, 0x00000000d5580000)
  object space 89088K, 39% used [0x0000000080000000,0x0000000082248250,0x0000000085700000)
 Metaspace       used 66279K, capacity 68907K, committed 69032K, reserved 1107968K
  class space    used 9032K, capacity 9639K, committed 9640K, reserved 1048576K
Event: 26.700 GC heap after
Heap after GC invocations=16 (full 3):
 PSYoungGen      total 250368K, used 18421K [0x00000000d5580000, 0x00000000e9480000, 0x0000000100000000)
  eden space 231936K, 0% used [0x00000000d5580000,0x00000000d5580000,0x00000000e3800000)
  from space 18432K, 99% used [0x00000000e3800000,0x00000000e49fd4b8,0x00000000e4a00000)
  to   space 22528K, 0% used [0x00000000e7e80000,0x00000000e7e80000,0x00000000e9480000)
 ParOldGen       total 89088K, used 38585K [0x0000000080000000, 0x0000000085700000, 0x00000000d5580000)
  object space 89088K, 43% used [0x0000000080000000,0x00000000825ae748,0x0000000085700000)
 Metaspace       used 66279K, capacity 68907K, committed 69032K, reserved 1107968K
  class space    used 9032K, capacity 9639K, committed 9640K, reserved 1048576K
}
Event: 32.446 GC heap before
{Heap before GC invocations=17 (full 3):
 PSYoungGen      total 250368K, used 250357K [0x00000000d5580000, 0x00000000e9480000, 0x0000000100000000)
  eden space 231936K, 100% used [0x00000000d5580000,0x00000000e3800000,0x00000000e3800000)
  from space 18432K, 99% used [0x00000000e3800000,0x00000000e49fd4b8,0x00000000e4a00000)
  to   space 22528K, 0% used [0x00000000e7e80000,0x00000000e7e80000,0x00000000e9480000)
 ParOldGen       total 89088K, used 38585K [0x0000000080000000, 0x0000000085700000, 0x00000000d5580000)
  object space 89088K, 43% used [0x0000000080000000,0x00000000825ae748,0x0000000085700000)
 Metaspace       used 69755K, capacity 72411K, committed 72488K, reserved 1112064K
  class space    used 9358K, capacity 9973K, committed 10024K, reserved 1048576K
Event: 32.507 GC heap after
Heap after GC invocations=17 (full 3):
 PSYoungGen      total 300544K, used 17850K [0x00000000d5580000, 0x00000000e9500000, 0x0000000100000000)
  eden space 278016K, 0% used [0x00000000d5580000,0x00000000d5580000,0x00000000e6500000)
  from space 22528K, 79% used [0x00000000e7e80000,0x00000000e8fee8a0,0x00000000e9480000)
  to   space 24576K, 0% used [0x00000000e6500000,0x00000000e6500000,0x00000000e7d00000)
 ParOldGen       total 89088K, used 55369K [0x0000000080000000, 0x0000000085700000, 0x00000000d5580000)
  object space 89088K, 62% used [0x0000000080000000,0x0000000083612640,0x0000000085700000)
 Metaspace       used 69755K, capacity 72411K, committed 72488K, reserved 1112064K
  class space    used 9358K, capacity 9973K, committed 10024K, reserved 1048576K
}

