# JRE version: OpenJDK Runtime Environment (8.0_242-b01) (build 1.8.0_242-release-1644-b01)
# Java VM: OpenJDK 64-Bit Server VM (25.242-b01 mixed mode windows-amd64 compressed oops)
Heap:
 PSYoungGen      total 231424K, used 69924K [0x00000000d5580000, 0x00000000e9a00000, 0x0000000100000000)
  eden space 217600K, 32% used [0x00000000d5580000,0x00000000d99c9048,0x00000000e2a00000)
  from space 13824K, 0% used [0x00000000e2a00000,0x00000000e2a00000,0x00000000e3780000)
  to   space 22016K, 0% used [0x00000000e8480000,0x00000000e8480000,0x00000000e9a00000)
 ParOldGen       total 97280K, used 41238K [0x0000000080000000, 0x0000000085f00000, 0x00000000d5580000)
  object space 97280K, 42% used [0x0000000080000000,0x0000000082845980,0x0000000085f00000)
 Metaspace       used 61217K, capacity 63437K, committed 63664K, reserved 1103872K
  class space    used 8245K, capacity 8765K, committed 8880K, reserved 1048576K
GC Heap History (10 events):
Event: 18.013 GC heap before
{Heap before GC invocations=12 (full 1):
 PSYoungGen      total 177664K, used 126733K [0x00000000d5580000, 0x00000000e1500000, 0x0000000100000000)
  eden space 165376K, 71% used [0x00000000d5580000,0x00000000dc8eaaf8,0x00000000df700000)
  from space 12288K, 69% used [0x00000000e0300000,0x00000000e0b58980,0x00000000e0f00000)
  to   space 12288K, 0% used [0x00000000df700000,0x00000000df700000,0x00000000e0300000)
 ParOldGen       total 36352K, used 10122K [0x0000000080000000, 0x0000000082380000, 0x00000000d5580000)
  object space 36352K, 27% used [0x0000000080000000,0x00000000809e2870,0x0000000082380000)
 Metaspace       used 34522K, capacity 35374K, committed 35496K, reserved 1079296K
  class space    used 4594K, capacity 4865K, committed 4912K, reserved 1048576K
Event: 18.028 GC heap after
Heap after GC invocations=12 (full 1):
 PSYoungGen      total 177664K, used 3371K [0x00000000d5580000, 0x00000000e4380000, 0x0000000100000000)
  eden space 165376K, 0% used [0x00000000d5580000,0x00000000d5580000,0x00000000df700000)
  from space 12288K, 27% used [0x00000000df700000,0x00000000dfa4af90,0x00000000e0300000)
  to   space 12288K, 0% used [0x00000000e3780000,0x00000000e3780000,0x00000000e4380000)
 ParOldGen       total 36352K, used 14563K [0x0000000080000000, 0x0000000082380000, 0x00000000d5580000)
  object space 36352K, 40% used [0x0000000080000000,0x0000000080e38ce8,0x0000000082380000)
 Metaspace       used 34522K, capacity 35374K, committed 35496K, reserved 1079296K
  class space    used 4594K, capacity 4865K, committed 4912K, reserved 1048576K
}
Event: 18.028 GC heap before
{Heap before GC invocations=13 (full 2):
 PSYoungGen      total 177664K, used 3371K [0x00000000d5580000, 0x00000000e4380000, 0x0000000100000000)
  eden space 165376K, 0% used [0x00000000d5580000,0x00000000d5580000,0x00000000df700000)
  from space 12288K, 27% used [0x00000000df700000,0x00000000dfa4af90,0x00000000e0300000)
  to   space 12288K, 0% used [0x00000000e3780000,0x00000000e3780000,0x00000000e4380000)
 ParOldGen       total 36352K, used 14563K [0x0000000080000000, 0x0000000082380000, 0x00000000d5580000)
  object space 36352K, 40% used [0x0000000080000000,0x0000000080e38ce8,0x0000000082380000)
 Metaspace       used 34522K, capacity 35374K, committed 35496K, reserved 1079296K
  class space    used 4594K, capacity 4865K, committed 4912K, reserved 1048576K
Event: 18.100 GC heap after
Heap after GC invocations=13 (full 2):
 PSYoungGen      total 177664K, used 0K [0x00000000d5580000, 0x00000000e4380000, 0x0000000100000000)
  eden space 165376K, 0% used [0x00000000d5580000,0x00000000d5580000,0x00000000df700000)
  from space 12288K, 0% used [0x00000000df700000,0x00000000df700000,0x00000000e0300000)
  to   space 12288K, 0% used [0x00000000e3780000,0x00000000e3780000,0x00000000e4380000)
 ParOldGen       total 54272K, used 15097K [0x0000000080000000, 0x0000000083500000, 0x00000000d5580000)
  object space 54272K, 27% used [0x0000000080000000,0x0000000080ebe7b0,0x0000000083500000)
 Metaspace       used 34522K, capacity 35374K, committed 35496K, reserved 1079296K
  class space    used 4594K, capacity 4865K, committed 4912K, reserved 1048576K
}
Event: 25.291 GC heap before
{Heap before GC invocations=14 (full 2):
 PSYoungGen      total 177664K, used 165376K [0x00000000d5580000, 0x00000000e4380000, 0x0000000100000000)
  eden space 165376K, 100% used [0x00000000d5580000,0x00000000df700000,0x00000000df700000)
  from space 12288K, 0% used [0x00000000df700000,0x00000000df700000,0x00000000e0300000)
  to   space 12288K, 0% used [0x00000000e3780000,0x00000000e3780000,0x00000000e4380000)
 ParOldGen       total 54272K, used 15097K [0x0000000080000000, 0x0000000083500000, 0x00000000d5580000)
  object space 54272K, 27% used [0x0000000080000000,0x0000000080ebe7b0,0x0000000083500000)
 Metaspace       used 40679K, capacity 42138K, committed 42160K, reserved 1085440K
  class space    used 5454K, capacity 5806K, committed 5808K, reserved 1048576K
Event: 25.315 GC heap after
Heap after GC invocations=14 (full 2):
 PSYoungGen      total 229888K, used 11964K [0x00000000d5580000, 0x00000000e4880000, 0x0000000100000000)
  eden space 217600K, 0% used [0x00000000d5580000,0x00000000d5580000,0x00000000e2a00000)
  from space 12288K, 97% used [0x00000000e3780000,0x00000000e432f258,0x00000000e4380000)
  to   space 13824K, 0% used [0x00000000e2a00000,0x00000000e2a00000,0x00000000e3780000)
 ParOldGen       total 54272K, used 15105K [0x0000000080000000, 0x0000000083500000, 0x00000000d5580000)
  object space 54272K, 27% used [0x0000000080000000,0x0000000080ec07b0,0x0000000083500000)
 Metaspace       used 40679K, capacity 42138K, committed 42160K, reserved 1085440K
  class space    used 5454K, capacity 5806K, committed 5808K, reserved 1048576K
}
Event: 33.033 GC heap before
{Heap before GC invocations=15 (full 2):
 PSYoungGen      total 229888K, used 193338K [0x00000000d5580000, 0x00000000e4880000, 0x0000000100000000)
  eden space 217600K, 83% used [0x00000000d5580000,0x00000000e069f958,0x00000000e2a00000)
  from space 12288K, 97% used [0x00000000e3780000,0x00000000e432f258,0x00000000e4380000)
  to   space 13824K, 0% used [0x00000000e2a00000,0x00000000e2a00000,0x00000000e3780000)
 ParOldGen       total 54272K, used 15105K [0x0000000080000000, 0x0000000083500000, 0x00000000d5580000)
  object space 54272K, 27% used [0x0000000080000000,0x0000000080ec07b0,0x0000000083500000)
 Metaspace       used 56964K, capacity 59093K, committed 59160K, reserved 1099776K
  class space    used 7613K, capacity 8112K, committed 8112K, reserved 1048576K
Event: 33.097 GC heap after
Heap after GC invocations=15 (full 2):
 PSYoungGen      total 231424K, used 13820K [0x00000000d5580000, 0x00000000e9a00000, 0x0000000100000000)
  eden space 217600K, 0% used [0x00000000d5580000,0x00000000d5580000,0x00000000e2a00000)
  from space 13824K, 99% used [0x00000000e2a00000,0x00000000e377f130,0x00000000e3780000)
  to   space 22016K, 0% used [0x00000000e8480000,0x00000000e8480000,0x00000000e9a00000)
 ParOldGen       total 54272K, used 30604K [0x0000000080000000, 0x0000000083500000, 0x00000000d5580000)
  object space 54272K, 56% used [0x0000000080000000,0x0000000081de31a0,0x0000000083500000)
 Metaspace       used 56964K, capacity 59093K, committed 59160K, reserved 1099776K
  class space    used 7613K, capacity 8112K, committed 8112K, reserved 1048576K
}
Event: 33.097 GC heap before
{Heap before GC invocations=16 (full 3):
 PSYoungGen      total 231424K, used 13820K [0x00000000d5580000, 0x00000000e9a00000, 0x0000000100000000)
  eden space 217600K, 0% used [0x00000000d5580000,0x00000000d5580000,0x00000000e2a00000)
  from space 13824K, 99% used [0x00000000e2a00000,0x00000000e377f130,0x00000000e3780000)
  to   space 22016K, 0% used [0x00000000e8480000,0x00000000e8480000,0x00000000e9a00000)
 ParOldGen       total 54272K, used 30604K [0x0000000080000000, 0x0000000083500000, 0x00000000d5580000)
  object space 54272K, 56% used [0x0000000080000000,0x0000000081de31a0,0x0000000083500000)
 Metaspace       used 56964K, capacity 59093K, committed 59160K, reserved 1099776K
  class space    used 7613K, capacity 8112K, committed 8112K, reserved 1048576K
Event: 33.400 GC heap after
Heap after GC invocations=16 (full 3):
 PSYoungGen      total 231424K, used 0K [0x00000000d5580000, 0x00000000e9a00000, 0x0000000100000000)
  eden space 217600K, 0% used [0x00000000d5580000,0x00000000d5580000,0x00000000e2a00000)
  from space 13824K, 0% used [0x00000000e2a00000,0x00000000e2a00000,0x00000000e3780000)
  to   space 22016K, 0% used [0x00000000e8480000,0x00000000e8480000,0x00000000e9a00000)
 ParOldGen       total 97280K, used 41238K [0x0000000080000000, 0x0000000085f00000, 0x00000000d5580000)
  object space 97280K, 42% used [0x0000000080000000,0x0000000082845980,0x0000000085f00000)
 Metaspace       used 56903K, capacity 58953K, committed 59160K, reserved 1099776K
  class space    used 7597K, capacity 8092K, committed 8112K, reserved 1048576K
}

