# JRE version: OpenJDK Runtime Environment (8.0_242-b01) (build 1.8.0_242-release-1644-b01)
# Java VM: OpenJDK 64-Bit Server VM (25.242-b01 mixed mode windows-amd64 compressed oops)
Heap:
 PSYoungGen      total 192000K, used 81918K [0x00000000d5580000, 0x00000000e5200000, 0x0000000100000000)
  eden space 178688K, 38% used [0x00000000d5580000,0x00000000d9886290,0x00000000e0400000)
  from space 13312K, 99% used [0x00000000e0400000,0x00000000e10f9738,0x00000000e1100000)
  to   space 16896K, 0% used [0x00000000e4180000,0x00000000e4180000,0x00000000e5200000)
 ParOldGen       total 55808K, used 21407K [0x0000000080000000, 0x0000000083680000, 0x00000000d5580000)
  object space 55808K, 38% used [0x0000000080000000,0x00000000814e7dd0,0x0000000083680000)
 Metaspace       used 51792K, capacity 53644K, committed 53800K, reserved 1095680K
  class space    used 6949K, capacity 7420K, committed 7464K, reserved 1048576K
GC Heap History (10 events):
Event: 5.419 GC heap before
{Heap before GC invocations=9 (full 1):
 PSYoungGen      total 138240K, used 4766K [0x00000000d5580000, 0x00000000de680000, 0x0000000100000000)
  eden space 129024K, 0% used [0x00000000d5580000,0x00000000d5580000,0x00000000dd380000)
  from space 9216K, 51% used [0x00000000ddd80000,0x00000000de2279f0,0x00000000de680000)
  to   space 9728K, 0% used [0x00000000dd380000,0x00000000dd380000,0x00000000ddd00000)
 ParOldGen       total 44032K, used 9036K [0x0000000080000000, 0x0000000082b00000, 0x00000000d5580000)
  object space 44032K, 20% used [0x0000000080000000,0x00000000808d33e8,0x0000000082b00000)
 Metaspace       used 20524K, capacity 21230K, committed 21296K, reserved 1067008K
  class space    used 2878K, capacity 3095K, committed 3120K, reserved 1048576K
Event: 5.479 GC heap after
Heap after GC invocations=9 (full 1):
 PSYoungGen      total 138240K, used 0K [0x00000000d5580000, 0x00000000de680000, 0x0000000100000000)
  eden space 129024K, 0% used [0x00000000d5580000,0x00000000d5580000,0x00000000dd380000)
  from space 9216K, 0% used [0x00000000ddd80000,0x00000000ddd80000,0x00000000de680000)
  to   space 9728K, 0% used [0x00000000dd380000,0x00000000dd380000,0x00000000ddd00000)
 ParOldGen       total 34816K, used 8996K [0x0000000080000000, 0x0000000082200000, 0x00000000d5580000)
  object space 34816K, 25% used [0x0000000080000000,0x00000000808c91c8,0x0000000082200000)
 Metaspace       used 20524K, capacity 21230K, committed 21296K, reserved 1067008K
  class space    used 2878K, capacity 3095K, committed 3120K, reserved 1048576K
}
Event: 8.095 GC heap before
{Heap before GC invocations=10 (full 1):
 PSYoungGen      total 138240K, used 129024K [0x00000000d5580000, 0x00000000de680000, 0x0000000100000000)
  eden space 129024K, 100% used [0x00000000d5580000,0x00000000dd380000,0x00000000dd380000)
  from space 9216K, 0% used [0x00000000ddd80000,0x00000000ddd80000,0x00000000de680000)
  to   space 9728K, 0% used [0x00000000dd380000,0x00000000dd380000,0x00000000ddd00000)
 ParOldGen       total 34816K, used 8996K [0x0000000080000000, 0x0000000082200000, 0x00000000d5580000)
  object space 34816K, 25% used [0x0000000080000000,0x00000000808c91c8,0x0000000082200000)
 Metaspace       used 32154K, capacity 33010K, committed 33072K, reserved 1077248K
  class space    used 4356K, capacity 4626K, committed 4656K, reserved 1048576K
Event: 8.138 GC heap after
Heap after GC invocations=10 (full 1):
 PSYoungGen      total 138752K, used 9724K [0x00000000d5580000, 0x00000000e1d00000, 0x0000000100000000)
  eden space 129024K, 0% used [0x00000000d5580000,0x00000000d5580000,0x00000000dd380000)
  from space 9728K, 99% used [0x00000000dd380000,0x00000000ddcff138,0x00000000ddd00000)
  to   space 12288K, 0% used [0x00000000e1100000,0x00000000e1100000,0x00000000e1d00000)
 ParOldGen       total 34816K, used 12350K [0x0000000080000000, 0x0000000082200000, 0x00000000d5580000)
  object space 34816K, 35% used [0x0000000080000000,0x0000000080c0fb80,0x0000000082200000)
 Metaspace       used 32154K, capacity 33010K, committed 33072K, reserved 1077248K
  class space    used 4356K, capacity 4626K, committed 4656K, reserved 1048576K
}
Event: 9.178 GC heap before
{Heap before GC invocations=11 (full 1):
 PSYoungGen      total 138752K, used 55589K [0x00000000d5580000, 0x00000000e1d00000, 0x0000000100000000)
  eden space 129024K, 35% used [0x00000000d5580000,0x00000000d824a498,0x00000000dd380000)
  from space 9728K, 99% used [0x00000000dd380000,0x00000000ddcff138,0x00000000ddd00000)
  to   space 12288K, 0% used [0x00000000e1100000,0x00000000e1100000,0x00000000e1d00000)
 ParOldGen       total 34816K, used 12350K [0x0000000080000000, 0x0000000082200000, 0x00000000d5580000)
  object space 34816K, 35% used [0x0000000080000000,0x0000000080c0fb80,0x0000000082200000)
 Metaspace       used 34467K, capacity 35430K, committed 35496K, reserved 1079296K
  class space    used 4694K, capacity 4976K, committed 5032K, reserved 1048576K
Event: 9.215 GC heap after
Heap after GC invocations=11 (full 1):
 PSYoungGen      total 190976K, used 10016K [0x00000000d5580000, 0x00000000e2180000, 0x0000000100000000)
  eden space 178688K, 0% used [0x00000000d5580000,0x00000000d5580000,0x00000000e0400000)
  from space 12288K, 81% used [0x00000000e1100000,0x00000000e1ac80a0,0x00000000e1d00000)
  to   space 13312K, 0% used [0x00000000e0400000,0x00000000e0400000,0x00000000e1100000)
 ParOldGen       total 34816K, used 12358K [0x0000000080000000, 0x0000000082200000, 0x00000000d5580000)
  object space 34816K, 35% used [0x0000000080000000,0x0000000080c11b80,0x0000000082200000)
 Metaspace       used 34467K, capacity 35430K, committed 35496K, reserved 1079296K
  class space    used 4694K, capacity 4976K, committed 5032K, reserved 1048576K
}
Event: 9.215 GC heap before
{Heap before GC invocations=12 (full 2):
 PSYoungGen      total 190976K, used 10016K [0x00000000d5580000, 0x00000000e2180000, 0x0000000100000000)
  eden space 178688K, 0% used [0x00000000d5580000,0x00000000d5580000,0x00000000e0400000)
  from space 12288K, 81% used [0x00000000e1100000,0x00000000e1ac80a0,0x00000000e1d00000)
  to   space 13312K, 0% used [0x00000000e0400000,0x00000000e0400000,0x00000000e1100000)
 ParOldGen       total 34816K, used 12358K [0x0000000080000000, 0x0000000082200000, 0x00000000d5580000)
  object space 34816K, 35% used [0x0000000080000000,0x0000000080c11b80,0x0000000082200000)
 Metaspace       used 34467K, capacity 35430K, committed 35496K, reserved 1079296K
  class space    used 4694K, capacity 4976K, committed 5032K, reserved 1048576K
Event: 9.378 GC heap after
Heap after GC invocations=12 (full 2):
 PSYoungGen      total 190976K, used 0K [0x00000000d5580000, 0x00000000e2180000, 0x0000000100000000)
  eden space 178688K, 0% used [0x00000000d5580000,0x00000000d5580000,0x00000000e0400000)
  from space 12288K, 0% used [0x00000000e1100000,0x00000000e1100000,0x00000000e1d00000)
  to   space 13312K, 0% used [0x00000000e0400000,0x00000000e0400000,0x00000000e1100000)
 ParOldGen       total 55808K, used 17189K [0x0000000080000000, 0x0000000083680000, 0x00000000d5580000)
  object space 55808K, 30% used [0x0000000080000000,0x00000000810c97d0,0x0000000083680000)
 Metaspace       used 34467K, capacity 35430K, committed 35496K, reserved 1079296K
  class space    used 4694K, capacity 4976K, committed 5032K, reserved 1048576K
}
Event: 13.485 GC heap before
{Heap before GC invocations=13 (full 2):
 PSYoungGen      total 190976K, used 178688K [0x00000000d5580000, 0x00000000e2180000, 0x0000000100000000)
  eden space 178688K, 100% used [0x00000000d5580000,0x00000000e0400000,0x00000000e0400000)
  from space 12288K, 0% used [0x00000000e1100000,0x00000000e1100000,0x00000000e1d00000)
  to   space 13312K, 0% used [0x00000000e0400000,0x00000000e0400000,0x00000000e1100000)
 ParOldGen       total 55808K, used 17189K [0x0000000080000000, 0x0000000083680000, 0x00000000d5580000)
  object space 55808K, 30% used [0x0000000080000000,0x00000000810c97d0,0x0000000083680000)
 Metaspace       used 46493K, capacity 48114K, committed 48552K, reserved 1091584K
  class space    used 6295K, capacity 6710K, committed 6824K, reserved 1048576K
Event: 13.523 GC heap after
Heap after GC invocations=13 (full 2):
 PSYoungGen      total 192000K, used 13285K [0x00000000d5580000, 0x00000000e5200000, 0x0000000100000000)
  eden space 178688K, 0% used [0x00000000d5580000,0x00000000d5580000,0x00000000e0400000)
  from space 13312K, 99% used [0x00000000e0400000,0x00000000e10f9738,0x00000000e1100000)
  to   space 16896K, 0% used [0x00000000e4180000,0x00000000e4180000,0x00000000e5200000)
 ParOldGen       total 55808K, used 21407K [0x0000000080000000, 0x0000000083680000, 0x00000000d5580000)
  object space 55808K, 38% used [0x0000000080000000,0x00000000814e7dd0,0x0000000083680000)
 Metaspace       used 46493K, capacity 48114K, committed 48552K, reserved 1091584K
  class space    used 6295K, capacity 6710K, committed 6824K, reserved 1048576K
}

