# JRE version: OpenJDK Runtime Environment (8.0_242-b01) (build 1.8.0_242-release-1644-b01)
# Java VM: OpenJDK 64-Bit Server VM (25.242-b01 mixed mode windows-amd64 compressed oops)
Heap:
 PSYoungGen      total 188416K, used 80495K [0x00000000d5580000, 0x00000000e2980000, 0x0000000100000000)
  eden space 175104K, 38% used [0x00000000d5580000,0x00000000d97743e0,0x00000000e0080000)
  from space 13312K, 97% used [0x00000000e1c80000,0x00000000e2927a40,0x00000000e2980000)
  to   space 16384K, 0% used [0x00000000e0980000,0x00000000e0980000,0x00000000e1980000)
 ParOldGen       total 89088K, used 35484K [0x0000000080000000, 0x0000000085700000, 0x00000000d5580000)
  object space 89088K, 39% used [0x0000000080000000,0x00000000822a7040,0x0000000085700000)
 Metaspace       used 67011K, capacity 70034K, committed 70184K, reserved 1110016K
  class space    used 9269K, capacity 9927K, committed 10024K, reserved 1048576K
GC Heap History (10 events):
Event: 14.689 GC heap before
{Heap before GC invocations=15 (full 2):
 PSYoungGen      total 124416K, used 115200K [0x00000000d5580000, 0x00000000dee00000, 0x0000000100000000)
  eden space 115200K, 100% used [0x00000000d5580000,0x00000000dc600000,0x00000000dc600000)
  from space 9216K, 0% used [0x00000000dcf00000,0x00000000dcf00000,0x00000000dd800000)
  to   space 9216K, 0% used [0x00000000dc600000,0x00000000dc600000,0x00000000dcf00000)
 ParOldGen       total 53760K, used 16641K [0x0000000080000000, 0x0000000083480000, 0x00000000d5580000)
  object space 53760K, 30% used [0x0000000080000000,0x00000000810407e8,0x0000000083480000)
 Metaspace       used 41156K, capacity 42644K, committed 42792K, reserved 1085440K
  class space    used 5673K, capacity 6075K, committed 6184K, reserved 1048576K
Event: 14.710 GC heap after
Heap after GC invocations=15 (full 2):
 PSYoungGen      total 124416K, used 9203K [0x00000000d5580000, 0x00000000dfc80000, 0x0000000100000000)
  eden space 115200K, 0% used [0x00000000d5580000,0x00000000d5580000,0x00000000dc600000)
  from space 9216K, 99% used [0x00000000dc600000,0x00000000dcefccc0,0x00000000dcf00000)
  to   space 10752K, 0% used [0x00000000df200000,0x00000000df200000,0x00000000dfc80000)
 ParOldGen       total 53760K, used 17273K [0x0000000080000000, 0x0000000083480000, 0x00000000d5580000)
  object space 53760K, 32% used [0x0000000080000000,0x00000000810de5d0,0x0000000083480000)
 Metaspace       used 41156K, capacity 42644K, committed 42792K, reserved 1085440K
  class space    used 5673K, capacity 6075K, committed 6184K, reserved 1048576K
}
Event: 16.864 GC heap before
{Heap before GC invocations=16 (full 2):
 PSYoungGen      total 124416K, used 124403K [0x00000000d5580000, 0x00000000dfc80000, 0x0000000100000000)
  eden space 115200K, 100% used [0x00000000d5580000,0x00000000dc600000,0x00000000dc600000)
  from space 9216K, 99% used [0x00000000dc600000,0x00000000dcefccc0,0x00000000dcf00000)
  to   space 10752K, 0% used [0x00000000df200000,0x00000000df200000,0x00000000dfc80000)
 ParOldGen       total 53760K, used 17273K [0x0000000080000000, 0x0000000083480000, 0x00000000d5580000)
  object space 53760K, 32% used [0x0000000080000000,0x00000000810de5d0,0x0000000083480000)
 Metaspace       used 50506K, capacity 52330K, committed 52648K, reserved 1095680K
  class space    used 6776K, capacity 7231K, committed 7336K, reserved 1048576K
Event: 16.908 GC heap after
Heap after GC invocations=16 (full 2):
 PSYoungGen      total 155648K, used 10749K [0x00000000d5580000, 0x00000000e0580000, 0x0000000100000000)
  eden space 144896K, 0% used [0x00000000d5580000,0x00000000d5580000,0x00000000de300000)
  from space 10752K, 99% used [0x00000000df200000,0x00000000dfc7f5d8,0x00000000dfc80000)
  to   space 15360K, 0% used [0x00000000de300000,0x00000000de300000,0x00000000df200000)
 ParOldGen       total 53760K, used 25623K [0x0000000080000000, 0x0000000083480000, 0x00000000d5580000)
  object space 53760K, 47% used [0x0000000080000000,0x0000000081905f90,0x0000000083480000)
 Metaspace       used 50506K, capacity 52330K, committed 52648K, reserved 1095680K
  class space    used 6776K, capacity 7231K, committed 7336K, reserved 1048576K
}
Event: 18.649 GC heap before
{Heap before GC invocations=17 (full 2):
 PSYoungGen      total 155648K, used 91319K [0x00000000d5580000, 0x00000000e0580000, 0x0000000100000000)
  eden space 144896K, 55% used [0x00000000d5580000,0x00000000da42e7c0,0x00000000de300000)
  from space 10752K, 99% used [0x00000000df200000,0x00000000dfc7f5d8,0x00000000dfc80000)
  to   space 15360K, 0% used [0x00000000de300000,0x00000000de300000,0x00000000df200000)
 ParOldGen       total 53760K, used 25623K [0x0000000080000000, 0x0000000083480000, 0x00000000d5580000)
  object space 53760K, 47% used [0x0000000080000000,0x0000000081905f90,0x0000000083480000)
 Metaspace       used 56936K, capacity 59076K, committed 59160K, reserved 1099776K
  class space    used 7785K, capacity 8298K, committed 8360K, reserved 1048576K
Event: 18.690 GC heap after
Heap after GC invocations=17 (full 2):
 PSYoungGen      total 160256K, used 8031K [0x00000000d5580000, 0x00000000e2b00000, 0x0000000100000000)
  eden space 144896K, 0% used [0x00000000d5580000,0x00000000d5580000,0x00000000de300000)
  from space 15360K, 52% used [0x00000000de300000,0x00000000dead7c68,0x00000000df200000)
  to   space 14848K, 0% used [0x00000000e1c80000,0x00000000e1c80000,0x00000000e2b00000)
 ParOldGen       total 53760K, used 33457K [0x0000000080000000, 0x0000000083480000, 0x00000000d5580000)
  object space 53760K, 62% used [0x0000000080000000,0x00000000820ac6d8,0x0000000083480000)
 Metaspace       used 56936K, capacity 59076K, committed 59160K, reserved 1099776K
  class space    used 7785K, capacity 8298K, committed 8360K, reserved 1048576K
}
Event: 18.690 GC heap before
{Heap before GC invocations=18 (full 3):
 PSYoungGen      total 160256K, used 8031K [0x00000000d5580000, 0x00000000e2b00000, 0x0000000100000000)
  eden space 144896K, 0% used [0x00000000d5580000,0x00000000d5580000,0x00000000de300000)
  from space 15360K, 52% used [0x00000000de300000,0x00000000dead7c68,0x00000000df200000)
  to   space 14848K, 0% used [0x00000000e1c80000,0x00000000e1c80000,0x00000000e2b00000)
 ParOldGen       total 53760K, used 33457K [0x0000000080000000, 0x0000000083480000, 0x00000000d5580000)
  object space 53760K, 62% used [0x0000000080000000,0x00000000820ac6d8,0x0000000083480000)
 Metaspace       used 56936K, capacity 59076K, committed 59160K, reserved 1099776K
  class space    used 7785K, capacity 8298K, committed 8360K, reserved 1048576K
Event: 19.067 GC heap after
Heap after GC invocations=18 (full 3):
 PSYoungGen      total 160256K, used 0K [0x00000000d5580000, 0x00000000e2b00000, 0x0000000100000000)
  eden space 144896K, 0% used [0x00000000d5580000,0x00000000d5580000,0x00000000de300000)
  from space 15360K, 0% used [0x00000000de300000,0x00000000de300000,0x00000000df200000)
  to   space 14848K, 0% used [0x00000000e1c80000,0x00000000e1c80000,0x00000000e2b00000)
 ParOldGen       total 89088K, used 35476K [0x0000000080000000, 0x0000000085700000, 0x00000000d5580000)
  object space 89088K, 39% used [0x0000000080000000,0x00000000822a5040,0x0000000085700000)
 Metaspace       used 56929K, capacity 59052K, committed 59160K, reserved 1099776K
  class space    used 7783K, capacity 8294K, committed 8360K, reserved 1048576K
}
Event: 22.815 GC heap before
{Heap before GC invocations=19 (full 3):
 PSYoungGen      total 160256K, used 144896K [0x00000000d5580000, 0x00000000e2b00000, 0x0000000100000000)
  eden space 144896K, 100% used [0x00000000d5580000,0x00000000de300000,0x00000000de300000)
  from space 15360K, 0% used [0x00000000de300000,0x00000000de300000,0x00000000df200000)
  to   space 14848K, 0% used [0x00000000e1c80000,0x00000000e1c80000,0x00000000e2b00000)
 ParOldGen       total 89088K, used 35476K [0x0000000080000000, 0x0000000085700000, 0x00000000d5580000)
  object space 89088K, 39% used [0x0000000080000000,0x00000000822a5040,0x0000000085700000)
 Metaspace       used 64824K, capacity 67310K, committed 67496K, reserved 1107968K
  class space    used 8972K, capacity 9544K, committed 9640K, reserved 1048576K
Event: 22.842 GC heap after
Heap after GC invocations=19 (full 3):
 PSYoungGen      total 188416K, used 12958K [0x00000000d5580000, 0x00000000e2980000, 0x0000000100000000)
  eden space 175104K, 0% used [0x00000000d5580000,0x00000000d5580000,0x00000000e0080000)
  from space 13312K, 97% used [0x00000000e1c80000,0x00000000e2927a40,0x00000000e2980000)
  to   space 16384K, 0% used [0x00000000e0980000,0x00000000e0980000,0x00000000e1980000)
 ParOldGen       total 89088K, used 35484K [0x0000000080000000, 0x0000000085700000, 0x00000000d5580000)
  object space 89088K, 39% used [0x0000000080000000,0x00000000822a7040,0x0000000085700000)
 Metaspace       used 64824K, capacity 67310K, committed 67496K, reserved 1107968K
  class space    used 8972K, capacity 9544K, committed 9640K, reserved 1048576K
}

