# JRE version: OpenJDK Runtime Environment (8.0_242-b01) (build 1.8.0_242-release-1644-b01)
# Java VM: OpenJDK 64-Bit Server VM (25.242-b01 mixed mode windows-amd64 compressed oops)
Heap:
 PSYoungGen      total 186880K, used 117840K [0x00000000d5580000, 0x00000000e1b00000, 0x0000000100000000)
  eden space 175616K, 67% used [0x00000000d5580000,0x00000000dc894370,0x00000000e0100000)
  from space 11264K, 0% used [0x00000000e1000000,0x00000000e1000000,0x00000000e1b00000)
  to   space 13312K, 0% used [0x00000000e0100000,0x00000000e0100000,0x00000000e0e00000)
 ParOldGen       total 53760K, used 17189K [0x0000000080000000, 0x0000000083480000, 0x00000000d5580000)
  object space 53760K, 31% used [0x0000000080000000,0x00000000810c95a8,0x0000000083480000)
 Metaspace       used 41122K, capacity 42764K, committed 43048K, reserved 1085440K
  class space    used 5659K, capacity 6073K, committed 6184K, reserved 1048576K
GC Heap History (10 events):
Event: 5.483 GC heap before
{Heap before GC invocations=8 (full 0):
 PSYoungGen      total 71680K, used 14611K [0x00000000d5580000, 0x00000000de780000, 0x0000000100000000)
  eden space 64512K, 11% used [0x00000000d5580000,0x00000000d5ccc7b0,0x00000000d9480000)
  from space 7168K, 99% used [0x00000000d9480000,0x00000000d9b78658,0x00000000d9b80000)
  to   space 10240K, 0% used [0x00000000ddd80000,0x00000000ddd80000,0x00000000de780000)
 ParOldGen       total 44032K, used 8399K [0x0000000080000000, 0x0000000082b00000, 0x00000000d5580000)
  object space 44032K, 19% used [0x0000000080000000,0x0000000080833e40,0x0000000082b00000)
 Metaspace       used 20583K, capacity 21230K, committed 21296K, reserved 1067008K
  class space    used 2885K, capacity 3095K, committed 3120K, reserved 1048576K
Event: 5.491 GC heap after
Heap after GC invocations=8 (full 0):
 PSYoungGen      total 138240K, used 4783K [0x00000000d5580000, 0x00000000de680000, 0x0000000100000000)
  eden space 129024K, 0% used [0x00000000d5580000,0x00000000d5580000,0x00000000dd380000)
  from space 9216K, 51% used [0x00000000ddd80000,0x00000000de22be28,0x00000000de680000)
  to   space 9728K, 0% used [0x00000000dd380000,0x00000000dd380000,0x00000000ddd00000)
 ParOldGen       total 44032K, used 9071K [0x0000000080000000, 0x0000000082b00000, 0x00000000d5580000)
  object space 44032K, 20% used [0x0000000080000000,0x00000000808dbe40,0x0000000082b00000)
 Metaspace       used 20583K, capacity 21230K, committed 21296K, reserved 1067008K
  class space    used 2885K, capacity 3095K, committed 3120K, reserved 1048576K
}
Event: 5.491 GC heap before
{Heap before GC invocations=9 (full 1):
 PSYoungGen      total 138240K, used 4783K [0x00000000d5580000, 0x00000000de680000, 0x0000000100000000)
  eden space 129024K, 0% used [0x00000000d5580000,0x00000000d5580000,0x00000000dd380000)
  from space 9216K, 51% used [0x00000000ddd80000,0x00000000de22be28,0x00000000de680000)
  to   space 9728K, 0% used [0x00000000dd380000,0x00000000dd380000,0x00000000ddd00000)
 ParOldGen       total 44032K, used 9071K [0x0000000080000000, 0x0000000082b00000, 0x00000000d5580000)
  object space 44032K, 20% used [0x0000000080000000,0x00000000808dbe40,0x0000000082b00000)
 Metaspace       used 20583K, capacity 21230K, committed 21296K, reserved 1067008K
  class space    used 2885K, capacity 3095K, committed 3120K, reserved 1048576K
Event: 5.550 GC heap after
Heap after GC invocations=9 (full 1):
 PSYoungGen      total 138240K, used 0K [0x00000000d5580000, 0x00000000de680000, 0x0000000100000000)
  eden space 129024K, 0% used [0x00000000d5580000,0x00000000d5580000,0x00000000dd380000)
  from space 9216K, 0% used [0x00000000ddd80000,0x00000000ddd80000,0x00000000de680000)
  to   space 9728K, 0% used [0x00000000dd380000,0x00000000dd380000,0x00000000ddd00000)
 ParOldGen       total 33792K, used 7793K [0x0000000080000000, 0x0000000082100000, 0x00000000d5580000)
  object space 33792K, 23% used [0x0000000080000000,0x000000008079c768,0x0000000082100000)
 Metaspace       used 20583K, capacity 21230K, committed 21296K, reserved 1067008K
  class space    used 2885K, capacity 3095K, committed 3120K, reserved 1048576K
}
Event: 8.655 GC heap before
{Heap before GC invocations=10 (full 1):
 PSYoungGen      total 138240K, used 129024K [0x00000000d5580000, 0x00000000de680000, 0x0000000100000000)
  eden space 129024K, 100% used [0x00000000d5580000,0x00000000dd380000,0x00000000dd380000)
  from space 9216K, 0% used [0x00000000ddd80000,0x00000000ddd80000,0x00000000de680000)
  to   space 9728K, 0% used [0x00000000dd380000,0x00000000dd380000,0x00000000ddd00000)
 ParOldGen       total 33792K, used 7793K [0x0000000080000000, 0x0000000082100000, 0x00000000d5580000)
  object space 33792K, 23% used [0x0000000080000000,0x000000008079c768,0x0000000082100000)
 Metaspace       used 32151K, capacity 33010K, committed 33072K, reserved 1077248K
  class space    used 4347K, capacity 4626K, committed 4656K, reserved 1048576K
Event: 8.685 GC heap after
Heap after GC invocations=10 (full 1):
 PSYoungGen      total 138752K, used 9705K [0x00000000d5580000, 0x00000000e1c00000, 0x0000000100000000)
  eden space 129024K, 0% used [0x00000000d5580000,0x00000000d5580000,0x00000000dd380000)
  from space 9728K, 99% used [0x00000000dd380000,0x00000000ddcfa690,0x00000000ddd00000)
  to   space 12288K, 0% used [0x00000000e1000000,0x00000000e1000000,0x00000000e1c00000)
 ParOldGen       total 33792K, used 11087K [0x0000000080000000, 0x0000000082100000, 0x00000000d5580000)
  object space 33792K, 32% used [0x0000000080000000,0x0000000080ad3f78,0x0000000082100000)
 Metaspace       used 32151K, capacity 33010K, committed 33072K, reserved 1077248K
  class space    used 4347K, capacity 4626K, committed 4656K, reserved 1048576K
}
Event: 11.302 GC heap before
{Heap before GC invocations=11 (full 1):
 PSYoungGen      total 138752K, used 55478K [0x00000000d5580000, 0x00000000e1c00000, 0x0000000100000000)
  eden space 129024K, 35% used [0x00000000d5580000,0x00000000d82333d0,0x00000000dd380000)
  from space 9728K, 99% used [0x00000000dd380000,0x00000000ddcfa690,0x00000000ddd00000)
  to   space 12288K, 0% used [0x00000000e1000000,0x00000000e1000000,0x00000000e1c00000)
 ParOldGen       total 33792K, used 11087K [0x0000000080000000, 0x0000000082100000, 0x00000000d5580000)
  object space 33792K, 32% used [0x0000000080000000,0x0000000080ad3f78,0x0000000082100000)
 Metaspace       used 34464K, capacity 35398K, committed 35496K, reserved 1079296K
  class space    used 4680K, capacity 4944K, committed 5032K, reserved 1048576K
Event: 11.322 GC heap after
Heap after GC invocations=11 (full 1):
 PSYoungGen      total 186880K, used 9952K [0x00000000d5580000, 0x00000000e1b00000, 0x0000000100000000)
  eden space 175616K, 0% used [0x00000000d5580000,0x00000000d5580000,0x00000000e0100000)
  from space 11264K, 88% used [0x00000000e1000000,0x00000000e19b82d0,0x00000000e1b00000)
  to   space 13312K, 0% used [0x00000000e0100000,0x00000000e0100000,0x00000000e0e00000)
 ParOldGen       total 33792K, used 11095K [0x0000000080000000, 0x0000000082100000, 0x00000000d5580000)
  object space 33792K, 32% used [0x0000000080000000,0x0000000080ad5f78,0x0000000082100000)
 Metaspace       used 34464K, capacity 35398K, committed 35496K, reserved 1079296K
  class space    used 4680K, capacity 4944K, committed 5032K, reserved 1048576K
}
Event: 11.322 GC heap before
{Heap before GC invocations=12 (full 2):
 PSYoungGen      total 186880K, used 9952K [0x00000000d5580000, 0x00000000e1b00000, 0x0000000100000000)
  eden space 175616K, 0% used [0x00000000d5580000,0x00000000d5580000,0x00000000e0100000)
  from space 11264K, 88% used [0x00000000e1000000,0x00000000e19b82d0,0x00000000e1b00000)
  to   space 13312K, 0% used [0x00000000e0100000,0x00000000e0100000,0x00000000e0e00000)
 ParOldGen       total 33792K, used 11095K [0x0000000080000000, 0x0000000082100000, 0x00000000d5580000)
  object space 33792K, 32% used [0x0000000080000000,0x0000000080ad5f78,0x0000000082100000)
 Metaspace       used 34464K, capacity 35398K, committed 35496K, reserved 1079296K
  class space    used 4680K, capacity 4944K, committed 5032K, reserved 1048576K
Event: 11.408 GC heap after
Heap after GC invocations=12 (full 2):
 PSYoungGen      total 186880K, used 0K [0x00000000d5580000, 0x00000000e1b00000, 0x0000000100000000)
  eden space 175616K, 0% used [0x00000000d5580000,0x00000000d5580000,0x00000000e0100000)
  from space 11264K, 0% used [0x00000000e1000000,0x00000000e1000000,0x00000000e1b00000)
  to   space 13312K, 0% used [0x00000000e0100000,0x00000000e0100000,0x00000000e0e00000)
 ParOldGen       total 53760K, used 17189K [0x0000000080000000, 0x0000000083480000, 0x00000000d5580000)
  object space 53760K, 31% used [0x0000000080000000,0x00000000810c95a8,0x0000000083480000)
 Metaspace       used 34464K, capacity 35398K, committed 35496K, reserved 1079296K
  class space    used 4680K, capacity 4944K, committed 5032K, reserved 1048576K
}

